<?xml version="1.0" encoding="UTF-8"?>
<testng-results ignored="0" total="1" passed="1" failed="0" skipped="0">
  <reporter-output>
  </reporter-output>
  <suite started-at="2025-04-15T18:35:25 IST" name="Appium Calculator Suite" finished-at="2025-04-15T18:35:43 IST" duration-ms="17768">
    <groups>
    </groups>
    <test started-at="2025-04-15T18:35:25 IST" name="Calculator Tests" finished-at="2025-04-15T18:35:43 IST" duration-ms="17768">
      <class name="tests.CalculatorTest">
        <test-method is-config="true" signature="start()[pri:0, instance:tests.CalculatorTest@209da20d]" started-at="2025-04-15T18:35:25 IST" name="start" finished-at="2025-04-15T18:35:37 IST" duration-ms="11739" status="PASS">
          <reporter-output>
          </reporter-output>
        </test-method> <!-- start -->
        <test-method signature="testAddition()[pri:0, instance:tests.CalculatorTest@209da20d]" started-at="2025-04-15T18:35:37 IST" name="testAddition" finished-at="2025-04-15T18:35:42 IST" duration-ms="4986" status="PASS">
          <reporter-output>
          </reporter-output>
        </test-method> <!-- testAddition -->
        <test-method is-config="true" signature="end()[pri:0, instance:tests.CalculatorTest@209da20d]" started-at="2025-04-15T18:35:42 IST" name="end" finished-at="2025-04-15T18:35:43 IST" duration-ms="987" status="PASS">
          <reporter-output>
          </reporter-output>
        </test-method> <!-- end -->
      </class> <!-- tests.CalculatorTest -->
    </test> <!-- Calculator Tests -->
  </suite> <!-- Appium Calculator Suite -->
</testng-results>
