<?xml version="1.0" encoding="UTF-8"?>
<testng-results ignored="0" total="1" passed="1" failed="0" skipped="0">
  <reporter-output>
  </reporter-output>
  <suite started-at="2025-04-16T11:55:47 IST" name="Appium Calculator Suite" finished-at="2025-04-16T11:56:07 IST" duration-ms="19868">
    <groups>
    </groups>
    <test started-at="2025-04-16T11:55:47 IST" name="Calculator Tests" finished-at="2025-04-16T11:56:07 IST" duration-ms="19868">
      <class name="tests.CalculatorTest">
        <test-method is-config="true" signature="start()[pri:0, instance:tests.CalculatorTest@1b2abca6]" started-at="2025-04-16T11:55:47 IST" name="start" finished-at="2025-04-16T11:56:00 IST" duration-ms="12959" status="PASS">
          <reporter-output>
          </reporter-output>
        </test-method> <!-- start -->
        <test-method signature="testAddition()[pri:0, instance:tests.CalculatorTest@1b2abca6]" started-at="2025-04-16T11:56:00 IST" name="testAddition" finished-at="2025-04-16T11:56:05 IST" duration-ms="5510" status="PASS">
          <reporter-output>
          </reporter-output>
        </test-method> <!-- testAddition -->
        <test-method is-config="true" signature="end()[pri:0, instance:tests.CalculatorTest@1b2abca6]" started-at="2025-04-16T11:56:05 IST" name="end" finished-at="2025-04-16T11:56:07 IST" duration-ms="1339" status="PASS">
          <reporter-output>
          </reporter-output>
        </test-method> <!-- end -->
      </class> <!-- tests.CalculatorTest -->
    </test> <!-- Calculator Tests -->
  </suite> <!-- Appium Calculator Suite -->
</testng-results>
